<?xml version="1.0" encoding="UTF-8"?>
<!-- Generated by org.testng.reporters.JUnitXMLReporter -->
<testsuite ignored="0" hostname="Ketan" failures="0" tests="4" name="Default test" time="50.064" errors="0" timestamp="2024-04-16T16:18:49 IST">
  <testcase classname="Selenium.Tests.end_to_end" name="submitOrder" time="9.291"/>
  <testcase classname="Selenium.Tests.end_to_end" name="submitOrder" time="9.084"/>
  <testcase classname="Selenium.Tests.end_to_end" name="OrderHistory" time="1.737"/>
  <testcase classname="Selenium.Tests.end_to_end" name="OrderHistory" time="1.84"/>
</testsuite> <!-- Default test -->
