<?xml version="1.0" encoding="UTF-8"?>
<testng-results ignored="0" total="4" passed="4" failed="0" skipped="0">
  <reporter-output>
  </reporter-output>
  <suite started-at="2024-04-16T16:17:59 IST" name="Default suite" finished-at="2024-04-16T16:18:49 IST" duration-ms="50064">
    <groups>
      <group name="purchase">
        <method signature="end_to_end.submitOrder(java.util.HashMap)[pri:0, instance:Selenium.Tests.end_to_end@21282ed8]" name="submitOrder" class="Selenium.Tests.end_to_end"/>
      </group> <!-- purchase -->
    </groups>
    <test started-at="2024-04-16T16:17:59 IST" name="Default test" finished-at="2024-04-16T16:18:49 IST" duration-ms="50064">
      <class name="Selenium.Tests.end_to_end">
        <test-method is-config="true" signature="Launch()[pri:0, instance:Selenium.Tests.end_to_end@21282ed8]" started-at="2024-04-16T16:17:59 IST" name="Launch" finished-at="2024-04-16T16:18:08 IST" duration-ms="8796" status="PASS">
          <reporter-output>
          </reporter-output>
        </test-method> <!-- Launch -->
        <test-method signature="submitOrder(java.util.HashMap)[pri:0, instance:Selenium.Tests.end_to_end@21282ed8]" started-at="2024-04-16T16:18:08 IST" name="submitOrder" data-provider="data" finished-at="2024-04-16T16:18:17 IST" duration-ms="9291" status="PASS">
          <params>
            <param index="0">
              <value>
                <![CDATA[{p1=IPHONE 13 PRO, p2=ADIDAS ORIGINAL, psw=Cc_12345, email=ketan@gmaill.com}]]>
              </value>
            </param>
          </params>
          <reporter-output>
          </reporter-output>
        </test-method> <!-- submitOrder -->
        <test-method is-config="true" signature="closure()[pri:0, instance:Selenium.Tests.end_to_end@21282ed8]" started-at="2024-04-16T16:18:17 IST" name="closure" finished-at="2024-04-16T16:18:17 IST" duration-ms="210" status="PASS">
          <reporter-output>
          </reporter-output>
        </test-method> <!-- closure -->
        <test-method is-config="true" signature="Launch()[pri:0, instance:Selenium.Tests.end_to_end@21282ed8]" started-at="2024-04-16T16:18:17 IST" name="Launch" finished-at="2024-04-16T16:18:25 IST" duration-ms="7884" status="PASS">
          <reporter-output>
          </reporter-output>
        </test-method> <!-- Launch -->
        <test-method signature="submitOrder(java.util.HashMap)[pri:0, instance:Selenium.Tests.end_to_end@21282ed8]" started-at="2024-04-16T16:18:25 IST" name="submitOrder" data-provider="data" finished-at="2024-04-16T16:18:34 IST" duration-ms="9084" status="PASS">
          <params>
            <param index="0">
              <value>
                <![CDATA[{p1=ADIDAS ORIGINAL, p2=ZARA COAT 3, psw=Cc_123456, email=chetan1@gmail.com}]]>
              </value>
            </param>
          </params>
          <reporter-output>
          </reporter-output>
        </test-method> <!-- submitOrder -->
        <test-method is-config="true" signature="closure()[pri:0, instance:Selenium.Tests.end_to_end@21282ed8]" started-at="2024-04-16T16:18:34 IST" name="closure" finished-at="2024-04-16T16:18:34 IST" duration-ms="227" status="PASS">
          <reporter-output>
          </reporter-output>
        </test-method> <!-- closure -->
        <test-method is-config="true" signature="Launch()[pri:0, instance:Selenium.Tests.end_to_end@21282ed8]" started-at="2024-04-16T16:18:34 IST" name="Launch" finished-at="2024-04-16T16:18:40 IST" duration-ms="5339" status="PASS">
          <reporter-output>
          </reporter-output>
        </test-method> <!-- Launch -->
        <test-method signature="OrderHistory(java.util.HashMap)[pri:0, instance:Selenium.Tests.end_to_end@21282ed8]" started-at="2024-04-16T16:18:40 IST" name="OrderHistory" data-provider="data" finished-at="2024-04-16T16:18:41 IST" depends-on-methods="Selenium.Tests.end_to_end.submitOrder" duration-ms="1737" status="PASS">
          <params>
            <param index="0">
              <value>
                <![CDATA[{p1=IPHONE 13 PRO, p2=ADIDAS ORIGINAL, psw=Cc_12345, email=ketan@gmaill.com}]]>
              </value>
            </param>
          </params>
          <reporter-output>
          </reporter-output>
        </test-method> <!-- OrderHistory -->
        <test-method is-config="true" signature="closure()[pri:0, instance:Selenium.Tests.end_to_end@21282ed8]" started-at="2024-04-16T16:18:41 IST" name="closure" finished-at="2024-04-16T16:18:42 IST" duration-ms="225" status="PASS">
          <reporter-output>
          </reporter-output>
        </test-method> <!-- closure -->
        <test-method is-config="true" signature="Launch()[pri:0, instance:Selenium.Tests.end_to_end@21282ed8]" started-at="2024-04-16T16:18:42 IST" name="Launch" finished-at="2024-04-16T16:18:47 IST" duration-ms="4919" status="PASS">
          <reporter-output>
          </reporter-output>
        </test-method> <!-- Launch -->
        <test-method signature="OrderHistory(java.util.HashMap)[pri:0, instance:Selenium.Tests.end_to_end@21282ed8]" started-at="2024-04-16T16:18:47 IST" name="OrderHistory" data-provider="data" finished-at="2024-04-16T16:18:48 IST" depends-on-methods="Selenium.Tests.end_to_end.submitOrder" duration-ms="1840" status="PASS">
          <params>
            <param index="0">
              <value>
                <![CDATA[{p1=ADIDAS ORIGINAL, p2=ZARA COAT 3, psw=Cc_123456, email=chetan1@gmail.com}]]>
              </value>
            </param>
          </params>
          <reporter-output>
          </reporter-output>
        </test-method> <!-- OrderHistory -->
        <test-method is-config="true" signature="closure()[pri:0, instance:Selenium.Tests.end_to_end@21282ed8]" started-at="2024-04-16T16:18:48 IST" name="closure" finished-at="2024-04-16T16:18:49 IST" duration-ms="223" status="PASS">
          <reporter-output>
          </reporter-output>
        </test-method> <!-- closure -->
      </class> <!-- Selenium.Tests.end_to_end -->
    </test> <!-- Default test -->
  </suite> <!-- Default suite -->
</testng-results>
